0 info it worked if it ends with ok
1 verbose cli [ '/usr/bin/nodejs', '/usr/bin/npm', 'init' ]
2 info using npm@3.5.2
3 info using node@v4.7.2
4 silly package data { name: 'react-testing',
4 silly package data   version: '1.0.0',
4 silly package data   description: 'A vulnerable (on purpose) Node.js web application to teach application security',
4 silly package data   main: 'app.js',
4 silly package data   scripts:
4 silly package data    { test: 'echo "Error: no test specified" && exit 1',
4 silly package data      start: 'node app' },
4 silly package data   dependencies:
4 silly package data    { bcryptjs: '*',
4 silly package data      'body-parser': '*',
4 silly package data      cors: '*',
4 silly package data      express: '*',
4 silly package data      jsonwebtoken: '*',
4 silly package data      mongoose: '*',
4 silly package data      passport: '*',
4 silly package data      'passport-jwt': '*',
4 silly package data      react: '^16.0.0',
4 silly package data      'react-dom': '^16.0.0' },
4 silly package data   repository:
4 silly package data    { type: 'git',
4 silly package data      url: 'git+https://github.com/Frichetten/Bulldog-2-The-Reckoning.git' },
4 silly package data   author: 'Nick Frichette',
4 silly package data   license: 'ISC',
4 silly package data   bugs: { url: 'https://github.com/Frichetten/Bulldog-2-The-Reckoning/issues' },
4 silly package data   homepage: 'https://github.com/Frichetten/Bulldog-2-The-Reckoning#readme',
4 silly package data   devDependencies:
4 silly package data    { 'babel-core': '^6.26.0',
4 silly package data      'babel-preset-env': '^1.6.0',
4 silly package data      'babel-preset-es2015': '^6.24.1',
4 silly package data      'babel-preset-react': '^6.24.1' },
4 silly package data   babel: { presets: [ 'es2015', 'react' ] } }
5 info init written successfully
6 verbose stack Error: EACCES: permission denied, open '/home/nick/Documents/Bulldog-2-The-Reckoning/package.json'
6 verbose stack     at Error (native)
7 verbose cwd /home/nick/Documents/Bulldog-2-The-Reckoning
8 error Linux 4.10.0-35-generic
9 error argv "/usr/bin/nodejs" "/usr/bin/npm" "init"
10 error node v4.7.2
11 error npm  v3.5.2
12 error path /home/nick/Documents/Bulldog-2-The-Reckoning/package.json
13 error code EACCES
14 error errno -13
15 error syscall open
16 error Error: EACCES: permission denied, open '/home/nick/Documents/Bulldog-2-The-Reckoning/package.json'
16 error     at Error (native)
16 error  { [Error: EACCES: permission denied, open '/home/nick/Documents/Bulldog-2-The-Reckoning/package.json']
16 error   errno: -13,
16 error   code: 'EACCES',
16 error   syscall: 'open',
16 error   path: '/home/nick/Documents/Bulldog-2-The-Reckoning/package.json' }
17 error Please try running this command again as root/Administrator.
18 verbose exit [ -13, true ]
